INFO: Step 0 
INFO: Energy 0 
INFO: Cells 0
INFO: Step 0 Flips 45/40000 Energy -1160 Cells 24 Inventory=24
Metropolis Fast
total number of pixel copy attempts=40000

INFO: Step 10 Flips 47/40000 Energy -1497.75 Cells 25 Inventory=25


INFO: Step 20 Flips 44/40000 Energy -1302.51 Cells 25 Inventory=25


INFO: Step 30 Flips 55/40000 Energy -1668.22 Cells 25 Inventory=25


INFO: Step 40 Flips 50/40000 Energy -2024.68 Cells 25 Inventory=25


INFO: Step 50 Flips 33/40000 Energy -1179.63 Cells 25 Inventory=25


INFO: Step 60 Flips 35/40000 Energy -950.091 Cells 25 Inventory=25


INFO: Step 70 Flips 50/40000 Energy -1661.03 Cells 25 Inventory=25


INFO: Step 80 Flips 46/40000 Energy -1314.49 Cells 25 Inventory=25


INFO: Step 90 Flips 66/40000 Energy -1436.96 Cells 25 Inventory=25


INFO: Step 100 Flips 40/40000 Energy -1749.46 Cells 25 Inventory=25


INFO: Step 110 Flips 38/40000 Energy -1133.2 Cells 25 Inventory=25


INFO: Step 120 Flips 40/40000 Energy -1530.91 Cells 25 Inventory=25


INFO: Step 130 Flips 38/40000 Energy -1387 Cells 25 Inventory=25


INFO: Step 140 Flips 40/40000 Energy -1349.68 Cells 25 Inventory=25


INFO: Step 150 Flips 45/40000 Energy -1746.08 Cells 25 Inventory=25


INFO: Step 160 Flips 43/40000 Energy -1190.53 Cells 25 Inventory=25


INFO: Step 170 Flips 54/40000 Energy -2410.88 Cells 25 Inventory=25


INFO: Step 180 Flips 49/40000 Energy -2077.29 Cells 26 Inventory=26


INFO: Step 190 Flips 55/40000 Energy -1313.23 Cells 26 Inventory=26


INFO: Step 200 Flips 40/40000 Energy -1695.43 Cells 26 Inventory=26


INFO: Step 210 Flips 50/40000 Energy -1978.74 Cells 26 Inventory=26


INFO: Step 220 Flips 53/40000 Energy -1802.15 Cells 26 Inventory=26


INFO: Step 230 Flips 32/40000 Energy -900.408 Cells 26 Inventory=26


INFO: Step 240 Flips 42/40000 Energy -1548.04 Cells 26 Inventory=26


INFO: Step 250 Flips 33/40000 Energy -1430.49 Cells 26 Inventory=26


INFO: Step 260 Flips 43/40000 Energy -2115.63 Cells 26 Inventory=26


INFO: Step 270 Flips 61/40000 Energy -1938.73 Cells 26 Inventory=26


INFO: Step 280 Flips 46/40000 Energy -1002.69 Cells 26 Inventory=26


INFO: Step 290 Flips 58/40000 Energy -1282.04 Cells 26 Inventory=26


INFO: Step 300 Flips 28/40000 Energy -1276.83 Cells 26 Inventory=26


INFO: Step 310 Flips 54/40000 Energy -2560.36 Cells 26 Inventory=26


INFO: Step 320 Flips 50/40000 Energy -1431.5 Cells 26 Inventory=26


INFO: Step 330 Flips 47/40000 Energy -1742.46 Cells 27 Inventory=27


INFO: Step 340 Flips 33/40000 Energy -1630.18 Cells 27 Inventory=27


INFO: Step 350 Flips 53/40000 Energy -1981.15 Cells 28 Inventory=28


INFO: Step 360 Flips 52/40000 Energy -2232.2 Cells 28 Inventory=28


