INFO: Step 0 
INFO: Energy 0 
INFO: Cells 0
INFO: Step 0 Flips 231/40000 Energy -32615.8 Cells 24 Inventory=24
Metropolis Fast
total number of pixel copy attempts=40000

INFO: Step 10 Flips 109/40000 Energy -50.5353 Cells 24 Inventory=24


INFO: Step 20 Flips 112/40000 Energy 21.4036 Cells 24 Inventory=24


INFO: Step 30 Flips 145/40000 Energy -233.388 Cells 24 Inventory=24


INFO: Step 40 Flips 116/40000 Energy -13.0915 Cells 24 Inventory=24


INFO: Step 50 Flips 112/40000 Energy -69.4904 Cells 24 Inventory=24


INFO: Step 60 Flips 128/40000 Energy 21.4302 Cells 24 Inventory=24


INFO: Step 70 Flips 116/40000 Energy 83.0736 Cells 24 Inventory=24


INFO: Step 80 Flips 112/40000 Energy 20.9734 Cells 24 Inventory=24


INFO: Step 90 Flips 141/40000 Energy -80.1415 Cells 24 Inventory=24


INFO: Step 100 Flips 124/40000 Energy -40.7974 Cells 24 Inventory=24


INFO: Step 110 Flips 120/40000 Energy -34.7079 Cells 24 Inventory=24


INFO: Step 120 Flips 119/40000 Energy -2.63387 Cells 24 Inventory=24


INFO: Step 130 Flips 113/40000 Energy -37.8534 Cells 24 Inventory=24


INFO: Step 140 Flips 125/40000 Energy 15.0145 Cells 24 Inventory=24


INFO: Step 150 Flips 123/40000 Energy -53.6659 Cells 24 Inventory=24


INFO: Step 160 Flips 112/40000 Energy 56.3353 Cells 24 Inventory=24


INFO: Step 170 Flips 82/40000 Energy 58.7059 Cells 24 Inventory=24


INFO: Step 180 Flips 116/40000 Energy -38.6602 Cells 24 Inventory=24


INFO: Step 190 Flips 110/40000 Energy -81.0665 Cells 24 Inventory=24


INFO: Step 200 Flips 110/40000 Energy -25.8849 Cells 24 Inventory=24


INFO: Step 210 Flips 107/40000 Energy 63.6163 Cells 24 Inventory=24


INFO: Step 220 Flips 101/40000 Energy 88.4428 Cells 24 Inventory=24


INFO: Step 230 Flips 94/40000 Energy 66.0341 Cells 24 Inventory=24


INFO: Step 240 Flips 113/40000 Energy 58.0355 Cells 24 Inventory=24


INFO: Step 250 Flips 100/40000 Energy 97.6129 Cells 24 Inventory=24


INFO: Step 260 Flips 97/40000 Energy 191.385 Cells 24 Inventory=24


INFO: Step 270 Flips 130/40000 Energy -21.7163 Cells 24 Inventory=24


INFO: Step 280 Flips 91/40000 Energy 71.9156 Cells 24 Inventory=24


INFO: Step 290 Flips 94/40000 Energy 128.089 Cells 24 Inventory=24


INFO: Step 300 Flips 83/40000 Energy -9.43668 Cells 24 Inventory=24


INFO: Step 310 Flips 123/40000 Energy -2.50927 Cells 24 Inventory=24


